2021-07-29 16:02:16.078  INFO 6044 --- [restartedMain] c.n.community.CommunityApplication       : Starting CommunityApplication using Java 1.8.0_152 on DESKTOP-II5A23D with PID 6044 (F:\workspace\community\target\classes started by lyb in F:\workspace\community)
2021-07-29 16:02:16.078 DEBUG 6044 --- [restartedMain] c.n.community.CommunityApplication       : Running with Spring Boot v2.5.3, Spring v5.3.9
2021-07-29 16:02:16.078  INFO 6044 --- [restartedMain] c.n.community.CommunityApplication       : No active profile set, falling back to default profiles: default
2021-07-29 16:02:16.347  INFO 6044 --- [restartedMain] o.s.b.w.embedded.tomcat.TomcatWebServer  : Tomcat initialized with port(s): 8080 (http)
2021-07-29 16:02:16.348  INFO 6044 --- [restartedMain] o.apache.catalina.core.StandardService   : Starting service [Tomcat]
2021-07-29 16:02:16.348  INFO 6044 --- [restartedMain] org.apache.catalina.core.StandardEngine  : Starting Servlet engine: [Apache Tomcat/9.0.50]
2021-07-29 16:02:16.366  INFO 6044 --- [restartedMain] o.a.c.c.C.[.[localhost].[/community]     : Initializing Spring embedded WebApplicationContext
2021-07-29 16:02:16.366  INFO 6044 --- [restartedMain] w.s.c.ServletWebServerApplicationContext : Root WebApplicationContext: initialization completed in 286 ms
2021-07-29 16:02:16.466  INFO 6044 --- [restartedMain] o.s.b.a.w.s.WelcomePageHandlerMapping    : Adding welcome page template: index
2021-07-29 16:02:16.512  INFO 6044 --- [restartedMain] o.s.b.d.a.OptionalLiveReloadServer       : LiveReload server is running on port 35729
2021-07-29 16:02:16.518  INFO 6044 --- [restartedMain] o.s.b.w.embedded.tomcat.TomcatWebServer  : Tomcat started on port(s): 8080 (http) with context path '/community'
2021-07-29 16:02:16.522  INFO 6044 --- [restartedMain] c.n.community.CommunityApplication       : Started CommunityApplication in 0.469 seconds (JVM running for 70469.667)
2021-07-29 16:02:16.523  INFO 6044 --- [restartedMain] .ConditionEvaluationDeltaLoggingListener : Condition evaluation unchanged
2021-07-29 16:02:19.297  INFO 8756 --- [main] com.nowcoder.community.LoggerTests       : Starting LoggerTests using Java 1.8.0_152 on DESKTOP-II5A23D with PID 8756 (started by lyb in F:\workspace\community)
2021-07-29 16:02:19.298 DEBUG 8756 --- [main] com.nowcoder.community.LoggerTests       : Running with Spring Boot v2.5.3, Spring v5.3.9
2021-07-29 16:02:19.300  INFO 8756 --- [main] com.nowcoder.community.LoggerTests       : No active profile set, falling back to default profiles: default
2021-07-29 16:02:21.099  INFO 8756 --- [main] o.s.b.a.w.s.WelcomePageHandlerMapping    : Adding welcome page template: index
2021-07-29 16:02:21.431  INFO 8756 --- [main] com.nowcoder.community.LoggerTests       : Started LoggerTests in 2.473 seconds (JVM running for 3.268)
2021-07-29 16:02:21.611 DEBUG 8756 --- [main] com.nowcoder.community.LoggerTests       : debug log
2021-07-29 16:02:21.611  INFO 8756 --- [main] com.nowcoder.community.LoggerTests       : info log
2021-07-29 16:02:21.611  WARN 8756 --- [main] com.nowcoder.community.LoggerTests       : warn log
2021-07-29 16:02:21.611 ERROR 8756 --- [main] com.nowcoder.community.LoggerTests       : error log
2021-07-29 16:02:50.371  INFO 20492 --- [main] com.nowcoder.community.LoggerTests       : Starting LoggerTests using Java 1.8.0_152 on DESKTOP-II5A23D with PID 20492 (started by lyb in F:\workspace\community)
2021-07-29 16:02:50.373 DEBUG 20492 --- [main] com.nowcoder.community.LoggerTests       : Running with Spring Boot v2.5.3, Spring v5.3.9
2021-07-29 16:02:50.375  INFO 20492 --- [main] com.nowcoder.community.LoggerTests       : No active profile set, falling back to default profiles: default
2021-07-29 16:02:52.118  INFO 20492 --- [main] o.s.b.a.w.s.WelcomePageHandlerMapping    : Adding welcome page template: index
2021-07-29 16:02:52.428  INFO 20492 --- [main] com.nowcoder.community.LoggerTests       : Started LoggerTests in 2.351 seconds (JVM running for 3.062)
2021-07-29 16:02:52.599 DEBUG 20492 --- [main] com.nowcoder.community.LoggerTests       : debug log
2021-07-29 16:02:52.600  INFO 20492 --- [main] com.nowcoder.community.LoggerTests       : info log
2021-07-29 16:02:52.600  WARN 20492 --- [main] com.nowcoder.community.LoggerTests       : warn log
2021-07-29 16:02:52.600 ERROR 20492 --- [main] com.nowcoder.community.LoggerTests       : error log
2021-07-29 16:03:09.355  INFO 6044 --- [restartedMain] c.n.community.CommunityApplication       : Starting CommunityApplication using Java 1.8.0_152 on DESKTOP-II5A23D with PID 6044 (F:\workspace\community\target\classes started by lyb in F:\workspace\community)
2021-07-29 16:03:09.356 DEBUG 6044 --- [restartedMain] c.n.community.CommunityApplication       : Running with Spring Boot v2.5.3, Spring v5.3.9
2021-07-29 16:03:09.356  INFO 6044 --- [restartedMain] c.n.community.CommunityApplication       : No active profile set, falling back to default profiles: default
2021-07-29 16:03:09.680  INFO 6044 --- [restartedMain] o.s.b.w.embedded.tomcat.TomcatWebServer  : Tomcat initialized with port(s): 8080 (http)
2021-07-29 16:03:09.681  INFO 6044 --- [restartedMain] o.apache.catalina.core.StandardService   : Starting service [Tomcat]
2021-07-29 16:03:09.681  INFO 6044 --- [restartedMain] org.apache.catalina.core.StandardEngine  : Starting Servlet engine: [Apache Tomcat/9.0.50]
2021-07-29 16:03:09.697  INFO 6044 --- [restartedMain] o.a.c.c.C.[.[localhost].[/community]     : Initializing Spring embedded WebApplicationContext
2021-07-29 16:03:09.697  INFO 6044 --- [restartedMain] w.s.c.ServletWebServerApplicationContext : Root WebApplicationContext: initialization completed in 339 ms
2021-07-29 16:03:09.764  INFO 21356 --- [main] com.nowcoder.community.LoggerTests       : Starting LoggerTests using Java 1.8.0_152 on DESKTOP-II5A23D with PID 21356 (started by lyb in F:\workspace\community)
2021-07-29 16:03:09.765 DEBUG 21356 --- [main] com.nowcoder.community.LoggerTests       : Running with Spring Boot v2.5.3, Spring v5.3.9
2021-07-29 16:03:09.767  INFO 21356 --- [main] com.nowcoder.community.LoggerTests       : No active profile set, falling back to default profiles: default
2021-07-29 16:03:09.833  INFO 6044 --- [restartedMain] o.s.b.a.w.s.WelcomePageHandlerMapping    : Adding welcome page template: index
2021-07-29 16:03:09.875  INFO 6044 --- [restartedMain] o.s.b.d.a.OptionalLiveReloadServer       : LiveReload server is running on port 35729
2021-07-29 16:03:09.889  INFO 6044 --- [restartedMain] o.s.b.w.embedded.tomcat.TomcatWebServer  : Tomcat started on port(s): 8080 (http) with context path '/community'
2021-07-29 16:03:09.893  INFO 6044 --- [restartedMain] c.n.community.CommunityApplication       : Started CommunityApplication in 0.565 seconds (JVM running for 70523.038)
2021-07-29 16:03:09.893  INFO 6044 --- [restartedMain] .ConditionEvaluationDeltaLoggingListener : Condition evaluation unchanged
2021-07-29 16:03:11.590  INFO 21356 --- [main] o.s.b.a.w.s.WelcomePageHandlerMapping    : Adding welcome page template: index
2021-07-29 16:03:11.908  INFO 21356 --- [main] com.nowcoder.community.LoggerTests       : Started LoggerTests in 2.609 seconds (JVM running for 3.453)
2021-07-29 16:03:12.071 DEBUG 21356 --- [main] com.nowcoder.community.LoggerTests       : debug log
2021-07-29 16:03:12.071  INFO 21356 --- [main] com.nowcoder.community.LoggerTests       : info log
2021-07-29 16:03:12.071  WARN 21356 --- [main] com.nowcoder.community.LoggerTests       : warn log
2021-07-29 16:03:12.072 ERROR 21356 --- [main] com.nowcoder.community.LoggerTests       : error log
